<?xml version="1.0" encoding="UTF-8"?>
<!-- Generated by org.testng.reporters.JUnitReportReporter -->
<testsuite hostname="Manoj_Kumar_M" failures="0" tests="1" name="demo.AddAdressTest" time="2.617" errors="0" timestamp="2024-06-02T17:58:10 IST" skipped="0">
  <testcase classname="demo.AddAdressTest" name="addAddressTest" time="2.617">
    <system-out>
      <![CDATA[addAddressTest test script has started execution
addAddressTest test script has successfully executed]]>
    </system-out>
  </testcase> <!-- addAddressTest -->
  <system-out>
    <![CDATA[Surefire suite has started execution
addAddressTest test script has started execution
addAddressTest test script has successfully executed
demo3Test test script has started execution
Demo 3 Executing
demo3Test test script has successfully executed
demoTest test script has started execution
demoTest test script has successfully executed
loginTest test script has started execution
loginTest test script has successfully executed
loginTest test script has started execution
loginTest test script has successfully executed
loginTest test script has started execution
loginTest test script has successfully executed
loginTest test script has started execution
loginTest test script has successfully executed
loginTest test script has started execution
loginTest test script has successfully executed
loginTest test script has started execution
loginTest test script has successfully executed]]>
  </system-out>
</testsuite> <!-- demo.AddAdressTest -->
