<?xml version="1.0" encoding="UTF-8"?>
<!-- Generated by org.testng.reporters.JUnitReportReporter -->
<testsuite hostname="Manoj_Kumar_M" failures="0" tests="1" name="demo.Demo3" time="2.709" errors="0" timestamp="2024-05-19T17:58:27 IST" skipped="0">
  <testcase classname="demo.Demo3" name="demo3" time="2.709">
    <system-out>
      <![CDATA[Demo 3 Executing]]>
    </system-out>
  </testcase> <!-- demo3 -->
  <system-out>
    <![CDATA[Demo 2 Executing
Demo 3 Executing]]>
  </system-out>
</testsuite> <!-- demo.Demo3 -->
