<?xml version="1.0" encoding="UTF-8"?>
<!-- Generated by org.testng.reporters.JUnitReportReporter -->
<testsuite hostname="Manoj_Kumar_M" failures="0" tests="1" name="demo.Demo2" time="2.922" errors="0" timestamp="2024-05-26T17:33:32 IST" skipped="0">
  <testcase classname="demo.Demo2" name="demo2" time="2.922">
    <system-out>
      <![CDATA[demo2 test script has started execution
Demo 2 Executing
demo2 test script has successfully executed]]>
    </system-out>
  </testcase> <!-- demo2 -->
  <system-out>
    <![CDATA[Default suite has started execution
demo2 test script has started execution
Demo 2 Executing
demo2 test script has successfully executed]]>
  </system-out>
</testsuite> <!-- demo.Demo2 -->
