<?xml version="1.0" encoding="UTF-8"?>
<!-- Generated by org.testng.reporters.JUnitReportReporter -->
<testsuite hostname="Manoj_Kumar_M" failures="0" tests="1" name="demo.Demo" time="0.985" errors="0" timestamp="2024-05-26T16:55:19 IST" skipped="0">
  <testcase classname="demo.Demo" name="demo" time="0.985"/>
</testsuite> <!-- demo.Demo -->
