<?xml version="1.0" encoding="UTF-8"?>
<!-- Generated by org.testng.reporters.JUnitReportReporter -->
<testsuite hostname="Manoj_Kumar_M" failures="0" tests="6" name="shopperstack.functionalscripts.LoginFunctionalTest" time="54.263" errors="0" timestamp="2024-05-12T17:30:35 IST" skipped="0">
  <testcase classname="shopperstack.functionalscripts.LoginFunctionalTest" name="loginTest" time="9.045"/>
  <testcase classname="shopperstack.functionalscripts.LoginFunctionalTest" name="loginTest" time="8.640"/>
  <testcase classname="shopperstack.functionalscripts.LoginFunctionalTest" name="loginTest" time="8.486"/>
  <testcase classname="shopperstack.functionalscripts.LoginFunctionalTest" name="loginTest" time="9.240"/>
  <testcase classname="shopperstack.functionalscripts.LoginFunctionalTest" name="loginTest" time="9.573"/>
  <testcase classname="shopperstack.functionalscripts.LoginFunctionalTest" name="loginTest" time="9.279"/>
</testsuite> <!-- shopperstack.functionalscripts.LoginFunctionalTest -->
